2025-07-08T07:24:35.776Z - normal: Load ~/.CocosCreator/settings.json
2025-07-08T07:24:35.823Z - normal: Initializing Asset Database
2025-07-08T07:24:35.829Z - normal: checking language setting...
2025-07-08T07:24:35.829Z - normal: Language: zh
2025-07-08T07:24:36.322Z - success: preview server running at http://localhost:7456
2025-07-08T07:24:36.356Z - success: protocol editor-framework registered
2025-07-08T07:24:36.356Z - success: protocol app registered
2025-07-08T07:24:36.357Z - success: protocol theme registered
2025-07-08T07:24:36.357Z - success: protocol packages registered
2025-07-08T07:24:36.357Z - success: protocol uuid registerred
2025-07-08T07:24:36.357Z - success: protocol db registerred
2025-07-08T07:24:36.357Z - success: protocol thumbnail registerred
2025-07-08T07:24:36.357Z - success: protocol unpack registerred
2025-07-08T07:24:36.357Z - success: protocol disable-commonjs registerred
2025-07-08T07:24:36.567Z - normal: connected!
2025-07-08T07:24:36.568Z - normal: Check project /Users/huangjinlong/Downloads/Client_subgame/Client_ddz
2025-07-08T07:24:36.569Z - normal: Initializing project /Users/huangjinlong/Downloads/Client_subgame/Client_ddz
2025-07-08T07:24:36.609Z - success: adapters loaded
2025-07-08T07:24:36.614Z - success: asset-db-debugger loaded
2025-07-08T07:24:36.699Z - success: fb-audience-network loaded
2025-07-08T07:24:36.735Z - success: fb-live-stream loaded
2025-07-08T07:24:36.738Z - success: google-play-instant loaded
2025-07-08T07:24:36.744Z - success: huawei-runtime loaded
2025-07-08T07:24:36.745Z - success: jkw-adapter loaded
2025-07-08T07:24:36.747Z - success: jsb-adapter loaded
2025-07-08T07:24:36.751Z - success: oppo-runtime loaded
2025-07-08T07:24:36.759Z - success: package-manager loaded
2025-07-08T07:24:36.761Z - success: qtt-adapter loaded
2025-07-08T07:24:36.763Z - success: runtime-dev-tools loaded
2025-07-08T07:24:36.771Z - success: sdkbox loaded
2025-07-08T07:24:36.776Z - success: ui-kit-preview-extra loaded
2025-07-08T07:24:36.781Z - success: ui-kit-preview loaded
2025-07-08T07:24:36.786Z - success: vivo-runtime loaded
2025-07-08T07:24:36.788Z - success: alipay-minigame loaded
2025-07-08T07:24:36.830Z - success: assets loaded
2025-07-08T07:24:36.833Z - success: baidugame-opendata loaded
2025-07-08T07:24:36.837Z - success: baidugame loaded
2025-07-08T07:24:36.843Z - success: builder loaded
2025-07-08T07:24:37.031Z - success: cocos-services loaded
2025-07-08T07:24:37.037Z - success: console loaded
2025-07-08T07:24:37.048Z - success: fb-instant-games loaded
2025-07-08T07:24:37.053Z - success: game-window loaded
2025-07-08T07:24:37.054Z - success: google-instant-games loaded
2025-07-08T07:24:37.059Z - success: hierarchy loaded
2025-07-08T07:24:37.063Z - success: inspector loaded
2025-07-08T07:24:37.436Z - success: cpk-publish loaded
2025-07-08T07:24:37.443Z - success: keystore loaded
2025-07-08T07:24:37.452Z - success: node-library loaded
2025-07-08T07:24:37.456Z - success: open-recent-items loaded
2025-07-08T07:24:37.462Z - success: package-asset loaded
2025-07-08T07:24:37.463Z - success: preferences loaded
2025-07-08T07:24:37.467Z - success: project-exporter loaded
2025-07-08T07:24:37.471Z - success: project-importer loaded
2025-07-08T07:24:37.475Z - success: project-settings loaded
2025-07-08T07:24:37.486Z - success: qtt-runtime loaded
2025-07-08T07:24:37.494Z - success: scene loaded
2025-07-08T07:24:37.495Z - success: simulator-debugger loaded
2025-07-08T07:24:37.495Z - success: sprite-editor loaded
2025-07-08T07:24:37.499Z - success: store loaded
2025-07-08T07:24:37.505Z - success: timeline loaded
2025-07-08T07:24:37.508Z - success: wechatgame-opendata loaded
2025-07-08T07:24:37.512Z - success: wechatgame loaded
2025-07-08T07:24:37.515Z - success: xiaomi-runtime loaded
2025-07-08T07:24:37.713Z - success: im-plugin loaded
2025-07-08T07:24:39.166Z - normal: Initializing Cocos2d
2025-07-08T07:24:39.545Z - normal: Initializing engine extends
2025-07-08T07:24:44.093Z - normal: Loading packages
2025-07-08T07:24:44.101Z - normal: Watching packages
2025-07-08T07:24:44.159Z - normal: Run Application
2025-07-08T07:24:52.374Z - info: Cocos Service load base data!
2025-07-08T07:24:59.220Z - normal: Start building with options : {
  "actualPlatform": "android",
  "android": {
    "packageName": "com.gui.yuanbao"
  },
  "android-instant": {
    "REMOTE_SERVER_ROOT": "",
    "host": "",
    "packageName": "com.zle.qhmj",
    "pathPattern": "",
    "recordPath": "",
    "scheme": "https",
    "skipRecord": false
  },
  "apiLevel": "android-26",
  "appABIs": [],
  "appBundle": false,
  "baidugame": {
    "REMOTE_SERVER_ROOT": "",
    "appid": "testappid",
    "orientation": "portrait",
    "subContext": ""
  },
  "buildPath": "/Users/huangjinlong/builds/ddz",
  "debug": false,
  "dest": "/Users/huangjinlong/builds/ddz/jsb-default",
  "embedWebDebugger": false,
  "encryptJs": true,
  "excludeScenes": [],
  "excludedModules": [
    "Geom Utils",
    "3D",
    "3D Primitive"
  ],
  "fb-instant-games": {},
  "includeSDKBox": false,
  "inlineSpriteFrames": true,
  "inlineSpriteFrames_native": true,
  "ios": {
    "packageName": "com.zle.qhmj"
  },
  "mac": {
    "packageName": "com.zle.qhmj"
  },
  "md5Cache": false,
  "mergeStartScene": false,
  "optimizeHotUpdate": false,
  "orientation": {
    "landscapeLeft": true,
    "landscapeRight": true,
    "portrait": false,
    "upsideDown": false
  },
  "packageName": "com.zle.qhmj",
  "platform": "android",
  "previewHeight": "720",
  "previewWidth": "1280",
  "qqplay": {
    "REMOTE_SERVER_ROOT": "",
    "orientation": "portrait",
    "zip": false
  },
  "scenes": [
    "ddze51f3-9c46-4e45-8f67-5df25b4ce5a2",
    "b4d377ed-8e48-4721-a3b0-660056b17673",
    "ddz8b068-310e-4f9d-bd00-b430f39c9746",
    "5ca50852-9fbb-4a45-9285-c979ff706aab",
    "ddz85077-e69a-4d4c-89d1-c811bc466a96"
  ],
  "sourceMaps": false,
  "startScene": "ddze51f3-9c46-4e45-8f67-5df25b4ce5a2",
  "template": "default",
  "title": "ddz",
  "useDebugKeystore": true,
  "vsVersion": "auto",
  "webOrientation": "auto",
  "wechatgame": {
    "REMOTE_SERVER_ROOT": "",
    "appid": "wx6ac3f5090a6b99c5",
    "orientation": "portrait",
    "subContext": ""
  },
  "win32": {},
  "xxteaKey": "df124dde-c814-4b",
  "zipCompressJs": true,
  "project": "/Users/huangjinlong/Downloads/Client_subgame/Client_ddz",
  "projectName": "ddz",
  "debugBuildWorker": false
}
2025-07-08T07:24:59.221Z - normal: Building /Users/huangjinlong/Downloads/Client_subgame/Client_ddz
2025-07-08T07:24:59.221Z - normal: Destination /Users/huangjinlong/builds/ddz/jsb-default
2025-07-08T07:24:59.282Z - normal: Delete /Users/huangjinlong/builds/ddz/jsb-default/subpackages/**/*,/Users/huangjinlong/builds/ddz/jsb-default/res/**/*,/Users/huangjinlong/builds/ddz/jsb-default/src/**/*
2025-07-08T07:24:59.854Z - normal: Checked Python Version [2.7.18]
2025-07-08T07:25:09.119Z - normal: Start building assets
2025-07-08T07:25:09.120Z - normal: Start spawn build-worker
2025-07-08T07:25:09.688Z - normal: Finish spawn build-worker
2025-07-08T07:25:09.688Z - normal: Start init build-worker
2025-07-08T07:25:12.297Z - normal: Finish init build-worker
2025-07-08T07:25:12.297Z - normal: Start build-assets in worker
2025-07-08T07:25:12.467Z - info: Enable "内联所有 SpriteFrame" in native platform will increase the package size used in hot update.
2025-07-08T07:25:17.921Z - normal: Finish build-assets in worker
2025-07-08T07:25:17.925Z - normal: Finish building assets
2025-07-08T07:25:18.282Z - normal: Start building plugin scripts
2025-07-08T07:25:18.348Z - normal: Generating main.js from /Applications/CocosCreator.app/Contents/Resources/static/build-templates/shares/main.js
2025-07-08T07:25:18.693Z - normal: Checked Python Version [2.7.18]
2025-07-08T07:25:20.307Z - normal: Built to "/Users/huangjinlong/builds/ddz/jsb-default" successfully
2025-07-08T07:25:37.170Z - info: shutdown preview server
